module.exports.blockedSignupDomains09292021 = [
  'actonegroup.com',
  'adamsandreese.com',
  'addleshawgoddard.com',
  'advancelaw.com',
  'akerman.com',
  'akingump.com',
  'allegisgroup.com',
  'allenmatkins.com',
  'allenovery.com',
  'alston.com',
  'arentfox.com',
  'armstrongteasdale.com',
  'agg.com',
  'arnoldporter.com',
  'ashurst.com',
  'bachrachgroup.com',
  'bakerbotts.com',
  'bakerdonelson.com',
  'bakerlaw.com',
  'bakermckenzie.com',
  'ballardspahr.com',
  'btlaw.com',
  'bclplaw.com',
  'bclperformingarts.org',
  'beaconhillstaffing.com',
  'beneschlaw.com',
  'twobirds.com',
  'blankrome.com',
  'bsfllp.com',
  'bsk.com',
  'bracewell.com',
  'bracewell.net',
  'bradley.com',
  'bridgelinesolutions.com',
  'brownrudnick.com',
  'bhfs.com',
  'bclplaw.com',
  'buchalter.com',
  'bipc.com',
  'buckleyfirm.com',
  'lucretiabuckley.co',
  'burr.com',
  'butlersnow.com',
  'cadwalader.com',
  'cahill.com',
  'carltonfields.com',
  'chapman.com',
  'choate.com',
  'clarkhill.com',
  'clarkhilleducation.com',
  'clearygottlieb.com',
  'cliffordchance.com',
  'clydeco.com',
  'clydecoastcrossfit.com',
  'cms.law',
  'cmslawfirm.com',
  'cmsonline.com',
  'cognialaw.com',
  'coleschotz.com',
  'csklegal.com',
  'systemoneservices.com',
  'cooley.com',
  'cooleyassociates.com',
  'cov.com',
  'cozen.com',
  'cravath.com',
  'crowell.com',
  'curtis.com',
  'dacbeachcroft.com',
  'davispolk.com',
  'dwt.com',
  'daypitney.com',
  'debevoise.com',
  'dechert.com',
  'dickinsonwright.com',
  'dickinson-wright.com',
  'dinsmore.com',
  'dlapiper.com',
  'dlapiperaccelerate.com',
  'dlapipergraduates.com',
  'dlapiper.pe',
  'bigopportunities.nl',
  'dorsey.com',
  'dorsey.cn',
  'dorseytrust.com',
  'duanemorris.com',
  'dwfgroup.com',
  'dwferguson.com',
  'dykema.com',
  'eckertseamans.com',
  'elevateservices.com',
  'epiqglobal.com',
  'eversheds-sutherland.com',
  'expresspros.com',
  'factor.law',
  'factor.ua',
  'faegredrinker.com',
  'fenwick.com',
  'fieldfisher.com',
  'finnegan.com',
  'fisherbroyles.com',
  'fisherphillips.co.uk',
  'fr.com',
  'fenwick.com',
  'flex.legal',
  'flexlegalnetwork.com',
  'foleyhoag.com',
  'foley.com',
  'foxrothschild.com',
  'fragomen.com',
  'freshfields.com',
  'friedfrank.com',
  'frostbrowntodd.com',
  'gibsondunn.com',
  'goldbergsegalla.com',
  'goodwinprocter.com',
  'grsm.com',
  'goulstonstorrs.com',
  'gowlingwlg.com',
  'gray-robinson.com',
  'gtlaw.com',
  'gtlaw-londonlawblog.com',
  'gmlaw.com',
  'gmlawcannabis.com',
  'hansonbridgett.com',
  'haynesboone.com',
  'hays.com',
  'herbertsmithfreehills.com',
  'herrick.com',
  'hfsdebtsolutions.com',
  'hfworks.eu',
  'hinckleyallen.com',
  'hinshawlaw.com',
  'hireanesquire.com',
  'hirecounsel.com',
  'hodgsonruss.com',
  'hoganlovells.com',
  'hoganlovellsbase.com',
  'hoganlovellsdnfp.com',
  'hoganlovellsglobalenergysummit.com',
  'hoganlovellspayments.com',
  'hollandhart.com',
  'hollandhartfoundation.org',
  'hklaw.com',
  'honigman.com',
  'honigmanufaktur-esslingen.de',
  'hugheshubbard.com',
  'hhrartlaw.com',
  'huntonak.com',
  'huntonlaborblog.com',
  'huntonretailindustryblog.com',
  'blockchainlegalresource.com',
  'csuitecompensationcenter.com',
  'huschblackwell.com',
  'hbstrategies.us',
  'icemiller.com',
  'incloudcounsel.com',
  'insightglobal.com',
  'irell.com',
  'irwinmitchell.com',
  'jacksonlewis.com',
  'californiaworkplacelawblog.com',
  'jacksonlewislc.co.uk',
  'jw.com',
  'jenner.com',
  'jonesday.com',
  'ptablitigationblog.com',
  'kasowitz.com',
  'katten.com',
  'corporatefinancialweeklydigest.com',
  'kelleydrye.com',
  'kellyservices.com',
  'kennedyslaw.com',
  'ksllawyers.ca',
  'kforce.com',
  'kilpatricktownsend.com',
  'kslaw.com',
  'kirkland.com',
  'klgates.com',
  'knobbe.com',
  'kobrekim.com',
  'konexoglobal.com',
  'kramerlevin.com',
  'kutakrock.com',
  'lwcareers.com',
  'latham.london',
  'globalprivacyblog.com',
  'fintechandpayments.com',
  'lathamgermany.de',
  'lathropgpm.com',
  'lawflex.com',
  'lawtrades.com',
  'lawtrades.io',
  'lodlaw.com',
  'legaledge.com',
  'legal.io',
  'restaurantlegalion.com',
  'legalpartnersgroup.com',
  'legility.com',
  'lewisbrisbois.com',
  'lewisroca.com',
  'lexoo.com',
  'linklaters.com',
  'linklaters.de',
  'littler.com',
  'lockelord.com',
  'independentcontractorcompliance.com',
  'insurereinsure.com',
  'sbiclaw.com',
  'texasregulatoryupdate.com',
  'loeb.com',
  'lowenstein.com',
  'capitalmarketslitigation.com',
  'lucasgroup.com',
  'macfarlanes.com',
  'mlaglobal.com',
  'manatt.com',
  'marshalldennehey.com',
  'mayerbrown.com',
  'mccarter.com',
  'governmentcontractslaw.com',
  'mwe.com',
  'mcguirewoods.com',
  'mwcllc.com',
  'michaelbest.com',
  'milbank.com',
  'milbankcarpets.com',
  'mslaw.com',
  'mintz.com',
  'mishcon.com',
  'mvalaw.com',
  'energyinterdependencyblog.com',
  'moraeglobal.com',
  'morganlewis.com',
  'mmmlaw.com',
  'mofo.com',
  'sociallyawareblog.com',
  'mccarthy.ca',
  'mto.com',
  'nelsonmullins.com',
  'nixonpeabody.com',
  'nortonrosefulbright.com',
  'obelisksupport.com',
  'offitkurman.com',
  'ogletree.com',
  'omm.com',
  'orrick.com',
  'osborneclarke.com',
  'outsidegc.com',
  'paragonlegal.com',
  'paragonstairs.com',
  'pathos.solutions',
  'pbwt.com',
  'paulhastings.com',
  'paulweiss.com',
  'peerpoint.com',
  'peerpointsolutions.com',
  'peripheralblue.com.au',
  'perkinscoie.com',
  'phaidoninternational.com',
  'phelps.com',
  'pillsburylaw.com',
  'pinsentmasons.com',
  'polsinelli.com',
  'porterwright.com',
  'technologylawsource.com',
  'princetonlegal.com',
  'priorilegal.com',
  'procopio.com',
  'proskauer.com',
  'pryorcashman.com',
  'quarles.com',
  'quinnemanuel.com',
  'randstadusa.com',
  'randstad.com',
  'reedsmith.com',
  'linklaters.com',
  'relinkt.com',
  'response-legal.lt',
  'rgp.com',
  'rgptoronto.ca',
  'roberthalf.com',
  'roberthalf.com.au',
  'roberthalf.fr',
  'roberthalf.co.nz',
  'roberthalf.cl',
  'robinskaplan.com',
  'rc.com',
  'dataprivacyandsecurityinsider.com',
  'manufacturinglawblog.com',
  'massappellateblog.com',
  'rluipa-defense.com',
  'ropesgray.com',
  'patentspostgrant.com',
  'ropesdataphiles.com',
  'disputingtax.com',
  'rutan.com',
  'saul.com',
  'schiffhardin.com',
  'employmentlawlandscape.com',
  'productliabilityandmasstorts.com',
  'energyenvironmentallawadviser.com',
  'srz.com',
  'regulatorycomplianceupdate.com',
  'seyfarth.com',
  'shearman.com',
  'sheppardmullin.com',
  'fcclawblog.com',
  'latinolawblog.com',
  'shermanhoward.com',
  'shb.com',
  'shoosmiths.co.uk',
  'shumaker.com',
  'shutts.com',
  'sidley.com',
  'simmons-simmons.com',
  'simmonssimmons.uk',
  'simmonspllc.com',
  'simplexlegal.ca',
  'stblaw.com',
  'skadden.com',
  'slaughterandmay.com',
  'sgrlaw.com',
  'swlaw.com',
  'specialcounsel.com',
  'spencerfane.com',
  'squirepattonboggs.com',
  'shlegal.com',
  'shlegal-futuretalent.com',
  'steptoe.com',
  'steptoeblockchainblog.com',
  'stinson.com',
  'stinsoncpa.com',
  'stoel.com',
  'alcoholicbeverageslawblog.com',
  'healthlawinsider.com',
  'stoelprivacyblog.com',
  'restructuringdebtreview.com',
  'stroock.com',
  'sullcrom.com',
  'sullivanlaw.com',
  'taftlaw.com',
  'privacyanddatasecurityinsight.com',
  'taylorwessing.com',
  'thompsoncoburn.com',
  'thompsonhine.com',
  'thompsonhinesmartrade.com',
  'tklaw.com',
  'traverssmith.com',
  'troutman.com',
  'consumerfinancialserviceslawmonitor.com',
  'troutmanenergyreport.com',
  'environmentallawandpolicy.com',
  'hiringtofiring.law',
  'trustpoint.one',
  'unitedlex.com',
  'upcounsel.com',
  'updatelegal.com',
  'vaco.com',
  'pinsentmasons.com',
  'vario.com.gr',
  'vedderprice.com',
  'vedderbanking.com',
  'venable.com',
  'politicallawbriefing.com',
  'venableenterprises.com',
  'velaw.com',
  'vorys.com',
  'wlrk.com',
  'wallerlaw.com',
  'weil.com',
  'whitecase.com',
  'wiley.law',
  'wc.com',
  'williamsmullen.com',
  'willkie.com',
  'wilmerhale.com',
  'wilsonelser.com',
  'wsgr.com',
  'winsteadlaw.net',
  'beachresortcapecod.com',
  'winston.com',
  'withersworldwide.com',
  'witherssloane.com',
  'womblebonddickinson.com',
  'womblebonddickinsonwealth.com',
  'womblebonddickinson.com'
]
